[visitaandahuaylas.blogspot.com/2011/11/transporte.html]
[backblue.gif]
[fade.gif]
[index.html]
[www.blogblog.com/1kt/awesomeinc/tabs_gradient_light.png]
[apis.google.com/js/plusone.js]
[pagead2.googlesyndication.com/pagead/js/f.txt]
[2.bp.blogspot.com/-CqUeL9ScfF8/TsdWCKiAtgI/AAAAAAAAAHo/Jt3eU3hj5_k/s1600/banner.jpg]
[img1.blogblog.com/img/icon18_wrench_allbkg.png]
[img2.blogblog.com/img/icon18_edit_allbkg.gif]
[www.blogger.com/static/v1/jsbin/3996186021-comment_from_post_iframe.js]
[visitaandahuaylas.blogspot.com/2011/11/gastronomia-andahuaylina.html]
[visitaandahuaylas.blogspot.com/2011/11/aerolineas.html]
[visitaandahuaylas.blogspot.com/2011/11/444444.c.delayed]
[pagead2.googlesyndication.com/pagead/f.txt]
[img2.blogblog.com/img/widgets/arrow_dropdown.gif]
[img1.blogblog.com/img/icon_feed12.png]
[img1.blogblog.com/img/widgets/subscribe-netvibes.png]
[img1.blogblog.com/img/widgets/subscribe-yahoo.png]
[visitaandahuaylas.blogspot.com/2011/11/andahuaylas-pradera-de-los-celajes.html]
[visitaandahuaylas.blogspot.com/2011/11/hermosa-laguna-de-pacucha-andahuaylas.html]
[visitaandahuaylas.blogspot.com/2011/11/sondor-bastion-chanka.html]
[visitaandahuaylas.blogspot.com/2011/11/campanayoq-andahuaylas.html]
[visitaandahuaylas.blogspot.com/2011/11/huancaray-andahuaylas.html]
[visitaandahuaylas.blogspot.com/2011/11/santa-rosa-andahuaylas.html]
[visitaandahuaylas.blogspot.com/2011/11/en-ruta-visita-andahuaylas.html]
[visitaandahuaylas.blogspot.com/2011/11/costos-para-una-estancia-en-andahuaylas.html]
[visitaandahuaylas.blogspot.com/2011/11/restaurantes-recreos-turisticos.html]
[visitaandahuaylas.blogspot.com/2011/11/hoteles-hostales.html]
[lh4.googleusercontent.com/-7LZG0Ah2CMw/AAAAAAAAAAI/AAAAAAAABmg/dylwz1PgVzY/s80-c/photo.jpg]
[www.google.com/images/icons/ui/gprofile_button-16.png]
[www.blogger.com/static/v1/widgets/1514304437-widgets.js]
[visitaandahuaylas.blogspot.com/2011/11/transporte.html]
[www.blogger.com/static/v1/widgets/4205868711-css_bundle_v2.css]
[www.blogger.com/dyn-css/authorizatione8e5.css]
[2.bp.blogspot.com/-4HS1pGCMyrI/TsvU34Rde1I/AAAAAAAAALw/zOSp-h8z26M/s320/Trucha.jpg]
[2.bp.blogspot.com/-4HS1pGCMyrI/TsvU34Rde1I/AAAAAAAAALw/zOSp-h8z26M/s1600/Trucha.jpg]
[3.bp.blogspot.com/-3i4JKjIZ_6k/TsvVCdiSiYI/AAAAAAAAAL4/p0xa_jvS4mI/s1600/TallarinRR.jpg]
[3.bp.blogspot.com/-3i4JKjIZ_6k/TsvVCdiSiYI/AAAAAAAAAL4/p0xa_jvS4mI/s320/TallarinRR.jpg]
[3.bp.blogspot.com/-i-JcTv88YDk/TsvVLWtgToI/AAAAAAAAAMA/SZc0mRWo8vA/s1600/pollada.jpg]
[3.bp.blogspot.com/-i-JcTv88YDk/TsvVLWtgToI/AAAAAAAAAMA/SZc0mRWo8vA/s320/pollada.jpg]
[3.bp.blogspot.com/-DssJNMT-eKQ/TsvVVX3Lo9I/AAAAAAAAAMI/wtFzs8Ztcm8/s1600/CuyChactado2.jpg]
[3.bp.blogspot.com/-DssJNMT-eKQ/TsvVVX3Lo9I/AAAAAAAAAMI/wtFzs8Ztcm8/s320/CuyChactado2.jpg]
[2.bp.blogspot.com/-f1IoK7ifXIw/TsvVei9eMKI/AAAAAAAAAMQ/ykYgdsHt46o/s1600/Chicharrones.jpg]
[2.bp.blogspot.com/-f1IoK7ifXIw/TsvVei9eMKI/AAAAAAAAAMQ/ykYgdsHt46o/s320/Chicharrones.jpg]
[4.bp.blogspot.com/-S4KJoFyLo68/TsvVpZGT8fI/AAAAAAAAAMY/ODqMnYAM3CI/s1600/Chairo.jpg]
[4.bp.blogspot.com/-S4KJoFyLo68/TsvVpZGT8fI/AAAAAAAAAMY/ODqMnYAM3CI/s320/Chairo.jpg]
[www.blogblog.com/dynamicviews/4224c15c4e7c9321/js/comments.js]
[img1.blogblog.com/img/anon36.png]
[visitaandahuaylas.blogspot.com/2011/11/gastronomia-andahuaylina12c3.html]
[visitaandahuaylas.blogspot.com/2011/11/gastronomia-andahuaylina6aea.html]
[visitaandahuaylas.blogspot.com/2011/11/gastronomia-andahuaylina80a6.html]
[lh5.googleusercontent.com/-53TqVbX__H0/AAAAAAAAAAI/AAAAAAAAABM/ivCCK7QQDa4/s35-c/photo.jpg]
[visitaandahuaylas.blogspot.com/2011/11/gastronomia-andahuaylina242a.html]
[visitaandahuaylas.blogspot.com/2011/11/gastronomia-andahuaylinaa817.html]
[visitaandahuaylas.blogspot.com/2011/11/gastronomia-andahuaylina.html]
[visitaandahuaylas.blogspot.com/2011/11/aerolineas.html]
[visitaandahuaylas.blogspot.com/2011/11/444444.html]
[visitaandahuaylas.blogspot.com/2011/11/aerolineasf485.html]
[1.bp.blogspot.com/-pFNIXN3YJC0/Tstt59aCphI/AAAAAAAAALY/0qF6NIROj1Y/s400/Huay6.jpg]
[1.bp.blogspot.com/-pFNIXN3YJC0/Tstt59aCphI/AAAAAAAAALY/0qF6NIROj1Y/s1600/Huay6.jpg]
[2.bp.blogspot.com/-GvI--1cqzf4/TstuDm-cSsI/AAAAAAAAALg/5IWMfHlrcpE/s1600/Andas.jpg]
[2.bp.blogspot.com/-GvI--1cqzf4/TstuDm-cSsI/AAAAAAAAALg/5IWMfHlrcpE/s400/Andas.jpg]
[img2.blogblog.com/img/b36-rounded.png]
[visitaandahuaylas.blogspot.com/2011/11/andahuaylas-pradera-de-los-celajes.html]
[visitaandahuaylas.blogspot.com/2011/11/andahuaylas-pradera-de-los-celajes61b0.html]
[1.bp.blogspot.com/-14CbuW9kCug/Tr4SdkiBMAI/AAAAAAAAAEA/RIzC-XQNTJ0/s400/pacucha2.jpg]
[1.bp.blogspot.com/-14CbuW9kCug/Tr4SdkiBMAI/AAAAAAAAAEA/RIzC-XQNTJ0/s1600/pacucha2.jpg]
[2.bp.blogspot.com/-AgQHWZ8sn-A/Tr4S8IPMZ4I/AAAAAAAAAEI/4WbbIs14oUY/s1600/pacucha3.jpg]
[2.bp.blogspot.com/-AgQHWZ8sn-A/Tr4S8IPMZ4I/AAAAAAAAAEI/4WbbIs14oUY/s400/pacucha3.jpg]
[3.bp.blogspot.com/-y2OeBP1RWyA/Tr4a_qJcyNI/AAAAAAAAAE4/ivBT8v7uxN4/s1600/pacucha5.jpg]
[3.bp.blogspot.com/-y2OeBP1RWyA/Tr4a_qJcyNI/AAAAAAAAAE4/ivBT8v7uxN4/s400/pacucha5.jpg]
[2.bp.blogspot.com/-qKusX0LOLLA/Tr4be31lKVI/AAAAAAAAAFA/_CXbIWEpfKo/s1600/pacucha6.jpg]
[2.bp.blogspot.com/-qKusX0LOLLA/Tr4be31lKVI/AAAAAAAAAFA/_CXbIWEpfKo/s400/pacucha6.jpg]
[4.bp.blogspot.com/-J7-HPhZoueY/Tr4c-819SpI/AAAAAAAAAFI/0cZ7ATprfeY/s1600/pacucha7.jpg]
[4.bp.blogspot.com/-J7-HPhZoueY/Tr4c-819SpI/AAAAAAAAAFI/0cZ7ATprfeY/s400/pacucha7.jpg]
[4.bp.blogspot.com/-V-qcLhvAmoA/Tr4ab1cRaqI/AAAAAAAAAEo/K2Kjlk7LwmA/s1600/pacucha1.jpg]
[4.bp.blogspot.com/-V-qcLhvAmoA/Tr4ab1cRaqI/AAAAAAAAAEo/K2Kjlk7LwmA/s400/pacucha1.jpg]
[2.bp.blogspot.com/-Qk3Tn-7_QqY/Tr4Pvl12xMI/AAAAAAAAADw/1FU6L542cdY/s1600/P1010989.JPG]
[2.bp.blogspot.com/-Qk3Tn-7_QqY/Tr4Pvl12xMI/AAAAAAAAADw/1FU6L542cdY/s400/P1010989.JPG]
[4.bp.blogspot.com/--Mf7SeDUc1A/Tr38F1OqANI/AAAAAAAAADg/Ru2rkdChArc/s1600/P1010982.JPG]
[4.bp.blogspot.com/--Mf7SeDUc1A/Tr38F1OqANI/AAAAAAAAADg/Ru2rkdChArc/s400/P1010982.JPG]
[2.bp.blogspot.com/-i0_GG1s6fHw/Tr4eKQP61PI/AAAAAAAAAFQ/aOwFwxBWbD8/s1600/pacucha8.jpg]
[2.bp.blogspot.com/-i0_GG1s6fHw/Tr4eKQP61PI/AAAAAAAAAFQ/aOwFwxBWbD8/s400/pacucha8.jpg]
[visitaandahuaylas.blogspot.com/2011/11/hermosa-laguna-de-pacucha-andahuaylase7a4.html]
[visitaandahuaylas.blogspot.com/2011/11/hermosa-laguna-de-pacucha-andahuaylasd60b.html]
[visitaandahuaylas.blogspot.com/2011/11/hermosa-laguna-de-pacucha-andahuaylas.html]
[2.bp.blogspot.com/-zDbTkpr1Csk/Tr4jqmQcNqI/AAAAAAAAAFY/u9Ss8G-kAkg/s400/Sondor5.jpg]
[2.bp.blogspot.com/-zDbTkpr1Csk/Tr4jqmQcNqI/AAAAAAAAAFY/u9Ss8G-kAkg/s1600/Sondor5.jpg]
[2.bp.blogspot.com/-A2ESrUTTf_8/Tr4k28ogO-I/AAAAAAAAAFg/A6IEuAHS-Q8/s1600/Sondor6.jpg]
[2.bp.blogspot.com/-A2ESrUTTf_8/Tr4k28ogO-I/AAAAAAAAAFg/A6IEuAHS-Q8/s400/Sondor6.jpg]
[1.bp.blogspot.com/-gBzy3IjltSY/Tr4liDlEhyI/AAAAAAAAAFo/vd9-9OUh1to/s1600/Sondor4.jpg]
[1.bp.blogspot.com/-gBzy3IjltSY/Tr4liDlEhyI/AAAAAAAAAFo/vd9-9OUh1to/s400/Sondor4.jpg]
[1.bp.blogspot.com/-jtGJdJiDD4g/Tr4l8CDsN7I/AAAAAAAAAFw/_WIsMasx5DI/s1600/Sondor3.jpg]
[1.bp.blogspot.com/-jtGJdJiDD4g/Tr4l8CDsN7I/AAAAAAAAAFw/_WIsMasx5DI/s400/Sondor3.jpg]
[1.bp.blogspot.com/-cy0GxGZAWHM/Tr4U2wPc84I/AAAAAAAAAEY/sJKz10Lyl-E/s1600/Sondor2.jpg]
[1.bp.blogspot.com/-cy0GxGZAWHM/Tr4U2wPc84I/AAAAAAAAAEY/sJKz10Lyl-E/s400/Sondor2.jpg]
[4.bp.blogspot.com/-1tmphqJbr5c/Tr4UeCop28I/AAAAAAAAAEQ/VclnNh1D8Jc/s1600/Sondor1.jpg]
[4.bp.blogspot.com/-1tmphqJbr5c/Tr4UeCop28I/AAAAAAAAAEQ/VclnNh1D8Jc/s400/Sondor1.jpg]
[1.bp.blogspot.com/-7YIr8zPtHH4/Tr4Q53huWeI/AAAAAAAAAD4/l_eFwHcIsX4/s1600/P1020025.JPG]
[1.bp.blogspot.com/-7YIr8zPtHH4/Tr4Q53huWeI/AAAAAAAAAD4/l_eFwHcIsX4/s400/P1020025.JPG]
[visitaandahuaylas.blogspot.com/2011/11/sondor-bastion-chanka.html]
[1.bp.blogspot.com/-umbPSj2Rj7Q/TstVPmX20SI/AAAAAAAAALI/iEIM9gQLmzo/s400/campanayocc2.jpg]
[1.bp.blogspot.com/-umbPSj2Rj7Q/TstVPmX20SI/AAAAAAAAALI/iEIM9gQLmzo/s1600/campanayocc2.jpg]
[4.bp.blogspot.com/-6r_AHuW1MX0/TstVZJLc5kI/AAAAAAAAALQ/dg3YOZUbHl8/s1600/campanayocc1.jpg]
[4.bp.blogspot.com/-6r_AHuW1MX0/TstVZJLc5kI/AAAAAAAAALQ/dg3YOZUbHl8/s400/campanayocc1.jpg]
[visitaandahuaylas.blogspot.com/2011/11/campanayoq-andahuaylas.html]
[4.bp.blogspot.com/-tdN7-sPx4CQ/T1MK628TdGI/AAAAAAAAAMs/4NzG7y4iSYY/s400/IMG_4228.JPG]
[4.bp.blogspot.com/-tdN7-sPx4CQ/T1MK628TdGI/AAAAAAAAAMs/4NzG7y4iSYY/s1600/IMG_4228.JPG]
[3.bp.blogspot.com/-n88HcMD-fGo/TsbtiTGVNLI/AAAAAAAAAGo/xhAoQC_UejI/s1600/206756_1778410273239_1628857992_1686634_7758919_n.jpg]
[3.bp.blogspot.com/-n88HcMD-fGo/TsbtiTGVNLI/AAAAAAAAAGo/xhAoQC_UejI/s400/206756_1778410273239_1628857992_1686634_7758919_n.jpg]
[4.bp.blogspot.com/-h9A4kDStiGQ/TsoIwdkxOjI/AAAAAAAAAJ0/3gPerLKANqg/s1600/17973_1245092500628_1628857992_608032_495292_n.jpg]
[4.bp.blogspot.com/-h9A4kDStiGQ/TsoIwdkxOjI/AAAAAAAAAJ0/3gPerLKANqg/s400/17973_1245092500628_1628857992_608032_495292_n.jpg]
[2.bp.blogspot.com/-2JNhuWfXRXM/TsoJEXGUJ1I/AAAAAAAAAJ8/Irb4V3nIkys/s1600/17973_1245092700633_1628857992_608035_1764329_n.jpg]
[2.bp.blogspot.com/-2JNhuWfXRXM/TsoJEXGUJ1I/AAAAAAAAAJ8/Irb4V3nIkys/s400/17973_1245092700633_1628857992_608035_1764329_n.jpg]
[2.bp.blogspot.com/-KjIwVLyh3K8/TsoJXUHEXWI/AAAAAAAAAKE/iooQKc_r-nA/s1600/17973_1245092540629_1628857992_608033_1317404_n.jpg]
[2.bp.blogspot.com/-KjIwVLyh3K8/TsoJXUHEXWI/AAAAAAAAAKE/iooQKc_r-nA/s400/17973_1245092540629_1628857992_608033_1317404_n.jpg]
[4.bp.blogspot.com/-kMHtmthbmeU/TsoJqqPa1AI/AAAAAAAAAKM/JWSm2lJghfk/s1600/17973_1245092780635_1628857992_608036_6948145_n.jpg]
[4.bp.blogspot.com/-kMHtmthbmeU/TsoJqqPa1AI/AAAAAAAAAKM/JWSm2lJghfk/s400/17973_1245092780635_1628857992_608036_6948145_n.jpg]
[4.bp.blogspot.com/-AHNUmyzzGJY/TsoKC0Fho5I/AAAAAAAAAKU/0e9rgUWK0VM/s1600/167369_1653225543699_1628857992_1490395_604645_n.jpg]
[4.bp.blogspot.com/-AHNUmyzzGJY/TsoKC0Fho5I/AAAAAAAAAKU/0e9rgUWK0VM/s400/167369_1653225543699_1628857992_1490395_604645_n.jpg]
[4.bp.blogspot.com/-n0JZVemwAH4/TsoKZz-B6dI/AAAAAAAAAKc/zWj7_CcxHwQ/s1600/166532_1653261984610_1628857992_1490417_1034331_n.jpg]
[4.bp.blogspot.com/-n0JZVemwAH4/TsoKZz-B6dI/AAAAAAAAAKc/zWj7_CcxHwQ/s400/166532_1653261984610_1628857992_1490417_1034331_n.jpg]
[1.bp.blogspot.com/-3Lhi7Ko9OdE/TsoKq2zlguI/AAAAAAAAAKk/n3P995sKNQo/s1600/167469_1749005695060_1536379122_1819776_5508471_n.jpg]
[1.bp.blogspot.com/-3Lhi7Ko9OdE/TsoKq2zlguI/AAAAAAAAAKk/n3P995sKNQo/s400/167469_1749005695060_1536379122_1819776_5508471_n.jpg]
[1.bp.blogspot.com/-qCREXveKEjs/TsoK5G2t_gI/AAAAAAAAAKs/qGShO1XSCt8/s1600/167469_1749005775062_1536379122_1819777_4588249_n.jpg]
[1.bp.blogspot.com/-qCREXveKEjs/TsoK5G2t_gI/AAAAAAAAAKs/qGShO1XSCt8/s400/167469_1749005775062_1536379122_1819777_4588249_n.jpg]
[visitaandahuaylas.blogspot.com/2011/11/huancaray-andahuaylas9b48.html]
[visitaandahuaylas.blogspot.com/2011/11/huancaray-andahuaylaseabb.html]
[visitaandahuaylas.blogspot.com/2011/11/huancaray-andahuaylas4846.html]
[visitaandahuaylas.blogspot.com/2011/11/huancaray-andahuaylas.html]
[visitaandahuaylas.blogspot.com/2011/11/huancaray-andahuaylasaea0.html]
[3.bp.blogspot.com/-Q2qqxGDPFyo/TsvTMs-kx0I/AAAAAAAAALo/fL9-yx7DXAc/s400/Chicharrones.jpg]
[3.bp.blogspot.com/-Q2qqxGDPFyo/TsvTMs-kx0I/AAAAAAAAALo/fL9-yx7DXAc/s1600/Chicharrones.jpg]
[visitaandahuaylas.blogspot.com/2011/11/santa-rosa-andahuaylas.html]
[visitaandahuaylas.blogspot.com/2011/11/en-ruta-visita-andahuaylas.html]
[3.bp.blogspot.com/-cdW-7ZbNItc/Trt_jJzByuI/AAAAAAAAADQ/A2bW1S2GNIM/s35/yo.jpg]
[visitaandahuaylas.blogspot.com/2011/11/costos-para-una-estancia-en-andahuaylas3bd8.html]
[visitaandahuaylas.blogspot.com/2011/11/costos-para-una-estancia-en-andahuaylas9e11.html]
[visitaandahuaylas.blogspot.com/2011/11/costos-para-una-estancia-en-andahuaylas5caa.html]
[visitaandahuaylas.blogspot.com/2011/11/costos-para-una-estancia-en-andahuaylas2df4.html]
[visitaandahuaylas.blogspot.com/2011/11/costos-para-una-estancia-en-andahuaylas6043.html]
[lh4.googleusercontent.com/-7LZG0Ah2CMw/AAAAAAAAAAI/AAAAAAAABmg/dylwz1PgVzY/s35-c/photo.jpg]
[visitaandahuaylas.blogspot.com/2011/11/costos-para-una-estancia-en-andahuaylas01fe.html]
[visitaandahuaylas.blogspot.com/2011/11/costos-para-una-estancia-en-andahuaylas4db8.html]
[visitaandahuaylas.blogspot.com/2011/11/costos-para-una-estancia-en-andahuaylas.html]
[visitaandahuaylas.blogspot.com/2011/11/costos-para-una-estancia-en-andahuaylasc96d.html]
[visitaandahuaylas.blogspot.com/2011/11/restaurantes-recreos-turisticosa3ed.html]
[visitaandahuaylas.blogspot.com/2011/11/restaurantes-recreos-turisticosd0f1.html]
[visitaandahuaylas.blogspot.com/2011/11/restaurantes-recreos-turisticos.html]
[visitaandahuaylas.blogspot.com/2011/11/hoteles-hostales.html]
[visitaandahuaylas.blogspot.com/2011/11/gastronomia-andahuaylina12c3.html]
[visitaandahuaylas.blogspot.com/2011/11/gastronomia-andahuaylina6aea.html]
[visitaandahuaylas.blogspot.com/2011/11/gastronomia-andahuaylina80a6.html]
[visitaandahuaylas.blogspot.com/2011/11/restaurantes-recreos-turisticos9710.html]
[visitaandahuaylas.blogspot.com/2011/11/gastronomia-andahuaylina242a.html]
[visitaandahuaylas.blogspot.com/2011/11/gastronomia-andahuaylinaa817.html]
[visitaandahuaylas.blogspot.com/2011/11/aerolineasf485.html]
[visitaandahuaylas.blogspot.com/2011/11/andahuaylas-pradera-de-los-celajes61b0.html]
[visitaandahuaylas.blogspot.com/2011/11/hermosa-laguna-de-pacucha-andahuaylase7a4.html]
[visitaandahuaylas.blogspot.com/2011/11/hermosa-laguna-de-pacucha-andahuaylasd60b.html]
[visitaandahuaylas.blogspot.com/2011/11/huancaray-andahuaylas9b48.html]
[visitaandahuaylas.blogspot.com/2011/11/huancaray-andahuaylaseabb.html]
[visitaandahuaylas.blogspot.com/2011/11/huancaray-andahuaylas4846.html]
[visitaandahuaylas.blogspot.com/2011/11/huancaray-andahuaylasaea0.html]
[visitaandahuaylas.blogspot.com/2011/11/costos-para-una-estancia-en-andahuaylas3bd8.html]
[visitaandahuaylas.blogspot.com/2011/11/costos-para-una-estancia-en-andahuaylas9e11.html]
[visitaandahuaylas.blogspot.com/2011/11/costos-para-una-estancia-en-andahuaylas5caa.html]
[visitaandahuaylas.blogspot.com/2011/11/costos-para-una-estancia-en-andahuaylas2df4.html]
[visitaandahuaylas.blogspot.com/2011/11/costos-para-una-estancia-en-andahuaylas6043.html]
[visitaandahuaylas.blogspot.com/2011/11/costos-para-una-estancia-en-andahuaylas01fe.html]
[visitaandahuaylas.blogspot.com/2011/11/costos-para-una-estancia-en-andahuaylas4db8.html]
[visitaandahuaylas.blogspot.com/2011/11/costos-para-una-estancia-en-andahuaylasc96d.html]
[visitaandahuaylas.blogspot.com/2011/11/restaurantes-recreos-turisticosa3ed.html]
[visitaandahuaylas.blogspot.com/2011/11/restaurantes-recreos-turisticosd0f1.html]
[visitaandahuaylas.blogspot.com/2011/11/restaurantes-recreos-turisticos9710.html]
